<?xml version="1.0" encoding="UTF-8"?>
<!-- Generated by org.testng.reporters.JUnitReportReporter -->
<testsuite hostname="BLRSFLT195" failures="0" tests="5" name="org.driven.ErrorValidation" time="16.633" errors="0" timestamp="21 Sep 2022 09:21:24 GMT" skipped="1">
  <testcase classname="org.driven.ErrorValidation" name="launch" time="11.527"/>
  <testcase classname="org.driven.ErrorValidation" name="sign" time="1.961"/>
  <testcase classname="org.driven.ErrorValidation" name="credentialsValidations" time="2.893"/>
  <testcase classname="org.driven.ErrorValidation" name="end" time="0.252"/>
  <testcase classname="org.driven.ErrorValidation" name="withoutRule">
    <skipped/>
  </testcase> <!-- withoutRule -->
</testsuite> <!-- org.driven.ErrorValidation -->
