<?xml version="1.0" encoding="UTF-8"?>
<!-- Generated by org.testng.reporters.JUnitReportReporter -->
<testsuite hostname="BLRSFLT195" failures="0" tests="51" name="org.driven.FooterLinks" time="320.321" errors="0" timestamp="03 Nov 2022 13:02:22 GMT" skipped="1">
  <testcase classname="org.driven.FooterLinks" name="shopTyresBySize" time="5.393"/>
  <testcase classname="org.driven.FooterLinks" name="shopTyresByCar" time="3.258"/>
  <testcase classname="org.driven.FooterLinks" name="shopTyresByBrand" time="3.204"/>
  <testcase classname="org.driven.FooterLinks" name="engineoilAndLubricants" time="7.976"/>
  <testcase classname="org.driven.FooterLinks" name="batteries" time="7.164"/>
  <testcase classname="org.driven.FooterLinks" name="Accessories" time="6.954"/>
  <testcase classname="org.driven.FooterLinks" name="mobileVanServieces" time="7.008"/>
  <testcase classname="org.driven.FooterLinks" name="brakeServieces" time="7.102"/>
  <testcase classname="org.driven.FooterLinks" name="tyreRotation" time="7.754"/>
  <testcase classname="org.driven.FooterLinks" name="wheelAlignment" time="6.750"/>
  <testcase classname="org.driven.FooterLinks" name="wheelBalancing" time="7.426"/>
  <testcase classname="org.driven.FooterLinks" name="punctureRepair" time="7.226"/>
  <testcase classname="org.driven.FooterLinks" name="allServices" time="7.366"/>
  <testcase classname="org.driven.FooterLinks" name="ourLocations" time="6.859"/>
  <testcase classname="org.driven.FooterLinks" name="acceptedDiscountCards" time="7.028"/>
  <testcase classname="org.driven.FooterLinks" name="easyPaymentPlans" time="6.570"/>
  <testcase classname="org.driven.FooterLinks" name="proBlogs" time="7.246"/>
  <testcase classname="org.driven.FooterLinks" name="siteMap" time="7.401"/>
  <testcase classname="org.driven.FooterLinks" name="dunlop" time="7.933"/>
  <testcase classname="org.driven.FooterLinks" name="falken" time="6.824"/>
  <testcase classname="org.driven.FooterLinks" name="Petronas" time="6.581"/>
  <testcase classname="org.driven.FooterLinks" name="iQPower" time="6.827"/>
  <testcase classname="org.driven.FooterLinks" name="allBrands" time="7.306"/>
  <testcase classname="org.driven.FooterLinks" name="contactUs" time="6.420"/>
  <testcase classname="org.driven.FooterLinks" name="getAQuote" time="4.264"/>
  <testcase classname="org.driven.FooterLinks" name="emailUs" time="4.127"/>
  <testcase classname="org.driven.FooterLinks" name="whatsAppSupport" time="4.251"/>
  <testcase classname="org.driven.FooterLinks" name="whoWeAre" time="7.031"/>
  <testcase classname="org.driven.FooterLinks" name="locations" time="8.015"/>
  <testcase classname="org.driven.FooterLinks" name="esagTba" time="8.304"/>
  <testcase classname="org.driven.FooterLinks" name="aboutEsag" time="8.240"/>
  <testcase classname="org.driven.FooterLinks" name="careers" time="8.318"/>
  <testcase classname="org.driven.FooterLinks" name="companyNews" time="8.785"/>
  <testcase classname="org.driven.FooterLinks" name="testimonials" time="6.606"/>
  <testcase classname="org.driven.FooterLinks" name="login" time="6.742"/>
  <testcase classname="org.driven.FooterLinks" name="register" time="6.793"/>
  <testcase classname="org.driven.FooterLinks" name="myOrders" time="8.711"/>
  <testcase classname="org.driven.FooterLinks" name="myAddress" time="6.378"/>
  <testcase classname="org.driven.FooterLinks" name="accountSettting" time="7.143"/>
  <testcase classname="org.driven.FooterLinks" name="fAQs" time="6.372"/>
  <testcase classname="org.driven.FooterLinks" name="tyreCare" time="6.649"/>
  <testcase classname="org.driven.FooterLinks" name="deliveryPolicy" time="6.361"/>
  <testcase classname="org.driven.FooterLinks" name="termsAndConditions" time="6.289"/>
  <testcase classname="org.driven.FooterLinks" name="privacyPolicy" time="6.436"/>
  <testcase classname="org.driven.FooterLinks" name="uaeConsumerRights" time="7.523"/>
  <testcase classname="org.driven.FooterLinks" name="newsLetter" time="0.144"/>
  <testcase classname="org.driven.FooterLinks" name="facebook" time="0.296"/>
  <testcase classname="org.driven.FooterLinks" name="instagram" time="2.000"/>
  <testcase classname="org.driven.FooterLinks" name="socialMedia" time="7.196"/>
  <testcase classname="org.driven.FooterLinks" name="algurgLink" time="5.771"/>
  <testcase classname="org.driven.FooterLinks" name="tyres800">
    <skipped/>
  </testcase> <!-- tyres800 -->
</testsuite> <!-- org.driven.FooterLinks -->
