<?xml version="1.0" encoding="UTF-8"?>
<!-- Generated by org.testng.reporters.JUnitReportReporter -->
<testsuite hostname="BLRSFLT195" failures="0" tests="3" name="org.driven.DataDriven" time="30.922" errors="0" timestamp="19 Sep 2022 16:00:42 GMT" skipped="0">
  <testcase classname="org.driven.DataDriven" name="launch" time="23.418"/>
  <testcase classname="org.driven.DataDriven" name="sign" time="1.864"/>
  <testcase classname="org.driven.DataDriven" name="Login" time="5.640"/>
</testsuite> <!-- org.driven.DataDriven -->
